  [1m[35m (0.0ms)[0m  [1m[34mSELECT "schema_migrations"."version" FROM "schema_migrations" ORDER BY "schema_migrations"."version" ASC[0m
  [1m[35m (15.6ms)[0m  [1m[34mSELECT "ar_internal_metadata"."value" FROM "ar_internal_metadata" WHERE "ar_internal_metadata"."key" = $1[0m  [["key", "environment"]]
  [1m[35m (0.0ms)[0m  [1m[34mSELECT "schema_migrations"."version" FROM "schema_migrations" ORDER BY "schema_migrations"."version" ASC[0m
  [1m[35m (0.0ms)[0m  [1m[34mSELECT "ar_internal_metadata"."value" FROM "ar_internal_metadata" WHERE "ar_internal_metadata"."key" = $1[0m  [["key", "environment"]]
  [1m[35m (0.0ms)[0m  [1m[34mSELECT "schema_migrations"."version" FROM "schema_migrations" ORDER BY "schema_migrations"."version" ASC[0m
  [1m[35m (0.0ms)[0m  [1m[34mSELECT "ar_internal_metadata"."value" FROM "ar_internal_metadata" WHERE "ar_internal_metadata"."key" = $1[0m  [["key", "environment"]]
  [1m[35mSQL (0.4ms)[0m  [1m[35mCREATE EXTENSION IF NOT EXISTS "plpgsql"[0m
  [1m[35m (16.2ms)[0m  [1m[35mDROP TABLE IF EXISTS "cupos" CASCADE[0m
  [1m[35m (95.2ms)[0m  [1m[35mCREATE TABLE "cupos" ("id" bigserial primary key, "parqueadero_id" bigint, "tipos_de_cupo_id" bigint, "cantidad" integer NOT NULL, "created_at" timestamp NOT NULL, "updated_at" timestamp NOT NULL)[0m
  [1m[35m (62.6ms)[0m  [1m[35mCREATE  INDEX  "index_cupos_on_parqueadero_id" ON "cupos"  ("parqueadero_id")[0m
  [1m[35m (56.1ms)[0m  [1m[35mCREATE  INDEX  "index_cupos_on_tipos_de_cupo_id" ON "cupos"  ("tipos_de_cupo_id")[0m
  [1m[35m (17.3ms)[0m  [1m[35mDROP TABLE IF EXISTS "horarios" CASCADE[0m
  [1m[35m (80.0ms)[0m  [1m[35mCREATE TABLE "horarios" ("id" bigserial primary key, "parqueadero_id" bigint, "dia_semana" character varying(10) NOT NULL, "hora_inicio" character varying(5) NOT NULL, "hora_fin" character varying(5) NOT NULL, "created_at" timestamp NOT NULL, "updated_at" timestamp NOT NULL)[0m
  [1m[35m (71.6ms)[0m  [1m[35mCREATE  INDEX  "index_horarios_on_parqueadero_id" ON "horarios"  ("parqueadero_id")[0m
  [1m[35m (15.7ms)[0m  [1m[35mDROP TABLE IF EXISTS "images" CASCADE[0m
  [1m[35m (101.6ms)[0m  [1m[35mCREATE TABLE "images" ("id" bigserial primary key, "parqueadero_id" bigint, "url_imagen" character varying(200), "created_at" timestamp NOT NULL, "updated_at" timestamp NOT NULL)[0m
  [1m[35m (58.6ms)[0m  [1m[35mCREATE  INDEX  "index_images_on_parqueadero_id" ON "images"  ("parqueadero_id")[0m
  [1m[35m (0.0ms)[0m  [1m[35mDROP TABLE IF EXISTS "parqueaderos" CASCADE[0m
  [1m[35m (112.0ms)[0m  [1m[35mCREATE TABLE "parqueaderos" ("id" bigserial primary key, "nombre" character varying(50) NOT NULL, "direccion" character varying(50) NOT NULL, "servicios_adicionales" character varying(200), "caracteristicas" character varying(200), "condiciones" character varying(200), "calificacion" decimal NOT NULL, "email" character varying(50) NOT NULL, "telefono1" character varying(20) NOT NULL, "telefono2" character varying(20), "latitud" decimal NOT NULL, "longitud" decimal NOT NULL, "created_at" timestamp NOT NULL, "updated_at" timestamp NOT NULL)[0m
  [1m[35m (15.7ms)[0m  [1m[35mDROP TABLE IF EXISTS "plans" CASCADE[0m
  [1m[35m (65.4ms)[0m  [1m[35mCREATE TABLE "plans" ("id" bigserial primary key, "parqueadero_id" bigint, "tipos_de_cupo_id" bigint, "tipo_de_plan_id" bigint, "valor" integer NOT NULL, "descripcion" character varying(200), "created_at" timestamp NOT NULL, "updated_at" timestamp NOT NULL)[0m
  [1m[35m (60.9ms)[0m  [1m[35mCREATE  INDEX  "index_plans_on_parqueadero_id" ON "plans"  ("parqueadero_id")[0m
  [1m[35m (62.5ms)[0m  [1m[35mCREATE  INDEX  "index_plans_on_tipo_de_plan_id" ON "plans"  ("tipo_de_plan_id")[0m
  [1m[35m (60.7ms)[0m  [1m[35mCREATE  INDEX  "index_plans_on_tipos_de_cupo_id" ON "plans"  ("tipos_de_cupo_id")[0m
  [1m[35m (15.6ms)[0m  [1m[35mDROP TABLE IF EXISTS "roles" CASCADE[0m
  [1m[35m (73.2ms)[0m  [1m[35mCREATE TABLE "roles" ("id" bigserial primary key, "descripcion" character varying(20), "created_at" timestamp NOT NULL, "updated_at" timestamp NOT NULL)[0m
  [1m[35m (16.0ms)[0m  [1m[35mDROP TABLE IF EXISTS "tarifas" CASCADE[0m
  [1m[35m (56.0ms)[0m  [1m[35mCREATE TABLE "tarifas" ("id" bigserial primary key, "parqueadero_id" bigint, "tipos_de_cupo_id" bigint, "valor_minuto" integer NOT NULL, "descripcion" character varying(200), "created_at" timestamp NOT NULL, "updated_at" timestamp NOT NULL)[0m
  [1m[35m (61.6ms)[0m  [1m[35mCREATE  INDEX  "index_tarifas_on_parqueadero_id" ON "tarifas"  ("parqueadero_id")[0m
  [1m[35m (62.5ms)[0m  [1m[35mCREATE  INDEX  "index_tarifas_on_tipos_de_cupo_id" ON "tarifas"  ("tipos_de_cupo_id")[0m
  [1m[35m (16.0ms)[0m  [1m[35mDROP TABLE IF EXISTS "tipo_de_plans" CASCADE[0m
  [1m[35m (72.0ms)[0m  [1m[35mCREATE TABLE "tipo_de_plans" ("id" bigserial primary key, "tipo_de_plan" character varying(50) NOT NULL, "created_at" timestamp NOT NULL, "updated_at" timestamp NOT NULL)[0m
  [1m[35m (8.0ms)[0m  [1m[35mDROP TABLE IF EXISTS "tipos_de_cupos" CASCADE[0m
  [1m[35m (64.0ms)[0m  [1m[35mCREATE TABLE "tipos_de_cupos" ("id" bigserial primary key, "tipo_de_cupo" character varying(50) NOT NULL, "created_at" timestamp NOT NULL, "updated_at" timestamp NOT NULL)[0m
  [1m[35m (4.9ms)[0m  [1m[35mDROP TABLE IF EXISTS "usuarios" CASCADE[0m
  [1m[35m (114.3ms)[0m  [1m[35mCREATE TABLE "usuarios" ("id" bigserial primary key, "calificacion" decimal NOT NULL, "nombres" character varying(50) NOT NULL, "apellidos" character varying(50) NOT NULL, "email" character varying(50) NOT NULL, "telefono" character varying(20) NOT NULL, "password_digest" character varying NOT NULL, "role_id" bigint, "created_at" timestamp NOT NULL, "updated_at" timestamp NOT NULL)[0m
  [1m[35m (62.5ms)[0m  [1m[35mCREATE  INDEX  "index_usuarios_on_role_id" ON "usuarios"  ("role_id")[0m
  [1m[35m (17.4ms)[0m  [1m[35mDROP TABLE IF EXISTS "usuarioxparqueaderos" CASCADE[0m
  [1m[35m (148.8ms)[0m  [1m[35mCREATE TABLE "usuarioxparqueaderos" ("id" bigserial primary key, "usuario_id" bigint, "parqueadero_id" bigint, "created_at" timestamp NOT NULL, "updated_at" timestamp NOT NULL)[0m
  [1m[35m (85.7ms)[0m  [1m[35mCREATE  INDEX  "index_usuarioxparqueaderos_on_parqueadero_id" ON "usuarioxparqueaderos"  ("parqueadero_id")[0m
  [1m[35m (67.4ms)[0m  [1m[35mCREATE  INDEX  "index_usuarioxparqueaderos_on_usuario_id" ON "usuarioxparqueaderos"  ("usuario_id")[0m
  [1m[35m (4.3ms)[0m  [1m[35mALTER TABLE "cupos" ADD CONSTRAINT "fk_rails_e56f1317d5"
FOREIGN KEY ("parqueadero_id")
  REFERENCES "parqueaderos" ("id")
[0m
  [1m[35m (0.0ms)[0m  [1m[35mALTER TABLE "cupos" ADD CONSTRAINT "fk_rails_92beb53534"
FOREIGN KEY ("tipos_de_cupo_id")
  REFERENCES "tipos_de_cupos" ("id")
[0m
  [1m[35m (17.4ms)[0m  [1m[35mALTER TABLE "horarios" ADD CONSTRAINT "fk_rails_02e19981e5"
FOREIGN KEY ("parqueadero_id")
  REFERENCES "parqueaderos" ("id")
[0m
  [1m[35m (4.0ms)[0m  [1m[35mALTER TABLE "images" ADD CONSTRAINT "fk_rails_2e991a680e"
FOREIGN KEY ("parqueadero_id")
  REFERENCES "parqueaderos" ("id")
[0m
  [1m[35m (4.0ms)[0m  [1m[35mALTER TABLE "plans" ADD CONSTRAINT "fk_rails_413ff36937"
FOREIGN KEY ("parqueadero_id")
  REFERENCES "parqueaderos" ("id")
[0m
  [1m[35m (4.0ms)[0m  [1m[35mALTER TABLE "plans" ADD CONSTRAINT "fk_rails_a8b0c42135"
FOREIGN KEY ("tipo_de_plan_id")
  REFERENCES "tipo_de_plans" ("id")
[0m
  [1m[35m (8.0ms)[0m  [1m[35mALTER TABLE "plans" ADD CONSTRAINT "fk_rails_dd0553c397"
FOREIGN KEY ("tipos_de_cupo_id")
  REFERENCES "tipos_de_cupos" ("id")
[0m
  [1m[35m (4.0ms)[0m  [1m[35mALTER TABLE "tarifas" ADD CONSTRAINT "fk_rails_f236120256"
FOREIGN KEY ("parqueadero_id")
  REFERENCES "parqueaderos" ("id")
[0m
  [1m[35m (8.0ms)[0m  [1m[35mALTER TABLE "tarifas" ADD CONSTRAINT "fk_rails_82178cf60e"
FOREIGN KEY ("tipos_de_cupo_id")
  REFERENCES "tipos_de_cupos" ("id")
[0m
  [1m[35m (8.0ms)[0m  [1m[35mALTER TABLE "usuarios" ADD CONSTRAINT "fk_rails_9bc66bae40"
FOREIGN KEY ("role_id")
  REFERENCES "roles" ("id")
[0m
  [1m[35m (8.0ms)[0m  [1m[35mALTER TABLE "usuarioxparqueaderos" ADD CONSTRAINT "fk_rails_0ab5a206b8"
FOREIGN KEY ("parqueadero_id")
  REFERENCES "parqueaderos" ("id")
[0m
  [1m[35m (8.0ms)[0m  [1m[35mALTER TABLE "usuarioxparqueaderos" ADD CONSTRAINT "fk_rails_f9ff5c6405"
FOREIGN KEY ("usuario_id")
  REFERENCES "usuarios" ("id")
[0m
  [1m[35m (4.0ms)[0m  [1m[34mSELECT "schema_migrations"."version" FROM "schema_migrations" ORDER BY "schema_migrations"."version" ASC[0m
  [1m[36mActiveRecord::InternalMetadata Load (0.0ms)[0m  [1m[34mSELECT  "ar_internal_metadata".* FROM "ar_internal_metadata" WHERE "ar_internal_metadata"."key" = $1 LIMIT $2[0m  [["key", "environment"], ["LIMIT", 1]]
  [1m[35m (0.0ms)[0m  [1m[35mBEGIN[0m
  [1m[35m (0.0ms)[0m  [1m[35mCOMMIT[0m
  [1m[36mActiveRecord::InternalMetadata Load (0.0ms)[0m  [1m[34mSELECT  "ar_internal_metadata".* FROM "ar_internal_metadata" WHERE "ar_internal_metadata"."key" = $1 LIMIT $2[0m  [["key", "environment"], ["LIMIT", 1]]
  [1m[35m (4.0ms)[0m  [1m[35mBEGIN[0m
  [1m[35m (0.0ms)[0m  [1m[35mCOMMIT[0m
  [1m[35mSQL (0.0ms)[0m  [1m[35mCREATE EXTENSION IF NOT EXISTS "plpgsql"[0m
  [1m[35m (15.6ms)[0m  [1m[35mDROP TABLE IF EXISTS "cupos" CASCADE[0m
  [1m[35m (94.5ms)[0m  [1m[35mCREATE TABLE "cupos" ("id" bigserial primary key, "parqueadero_id" bigint, "tipos_de_cupo_id" bigint, "cantidad" integer NOT NULL, "created_at" timestamp NOT NULL, "updated_at" timestamp NOT NULL)[0m
  [1m[35m (67.0ms)[0m  [1m[35mCREATE  INDEX  "index_cupos_on_parqueadero_id" ON "cupos"  ("parqueadero_id")[0m
  [1m[35m (62.5ms)[0m  [1m[35mCREATE  INDEX  "index_cupos_on_tipos_de_cupo_id" ON "cupos"  ("tipos_de_cupo_id")[0m
  [1m[35m (17.3ms)[0m  [1m[35mDROP TABLE IF EXISTS "horarios" CASCADE[0m
  [1m[35m (64.0ms)[0m  [1m[35mCREATE TABLE "horarios" ("id" bigserial primary key, "parqueadero_id" bigint, "dia_semana" character varying(10) NOT NULL, "hora_inicio" character varying(5) NOT NULL, "hora_fin" character varying(5) NOT NULL, "created_at" timestamp NOT NULL, "updated_at" timestamp NOT NULL)[0m
  [1m[35m (62.5ms)[0m  [1m[35mCREATE  INDEX  "index_horarios_on_parqueadero_id" ON "horarios"  ("parqueadero_id")[0m
  [1m[35m (15.6ms)[0m  [1m[35mDROP TABLE IF EXISTS "images" CASCADE[0m
  [1m[35m (66.4ms)[0m  [1m[35mCREATE TABLE "images" ("id" bigserial primary key, "parqueadero_id" bigint, "url_imagen" character varying(200), "created_at" timestamp NOT NULL, "updated_at" timestamp NOT NULL)[0m
  [1m[35m (69.1ms)[0m  [1m[35mCREATE  INDEX  "index_images_on_parqueadero_id" ON "images"  ("parqueadero_id")[0m
  [1m[35m (8.0ms)[0m  [1m[35mDROP TABLE IF EXISTS "parqueaderos" CASCADE[0m
  [1m[35m (127.6ms)[0m  [1m[35mCREATE TABLE "parqueaderos" ("id" bigserial primary key, "nombre" character varying(50) NOT NULL, "direccion" character varying(50) NOT NULL, "servicios_adicionales" character varying(200), "caracteristicas" character varying(200), "condiciones" character varying(200), "calificacion" decimal NOT NULL, "email" character varying(50) NOT NULL, "telefono1" character varying(20) NOT NULL, "telefono2" character varying(20), "latitud" decimal NOT NULL, "longitud" decimal NOT NULL, "created_at" timestamp NOT NULL, "updated_at" timestamp NOT NULL)[0m
  [1m[35m (12.0ms)[0m  [1m[35mDROP TABLE IF EXISTS "plans" CASCADE[0m
  [1m[35m (74.7ms)[0m  [1m[35mCREATE TABLE "plans" ("id" bigserial primary key, "parqueadero_id" bigint, "tipos_de_cupo_id" bigint, "tipo_de_plan_id" bigint, "valor" integer NOT NULL, "descripcion" character varying(200), "created_at" timestamp NOT NULL, "updated_at" timestamp NOT NULL)[0m
  [1m[35m (245.9ms)[0m  [1m[35mCREATE  INDEX  "index_plans_on_parqueadero_id" ON "plans"  ("parqueadero_id")[0m
  [1m[35m (141.5ms)[0m  [1m[35mCREATE  INDEX  "index_plans_on_tipo_de_plan_id" ON "plans"  ("tipo_de_plan_id")[0m
  [1m[35m (93.7ms)[0m  [1m[35mCREATE  INDEX  "index_plans_on_tipos_de_cupo_id" ON "plans"  ("tipos_de_cupo_id")[0m
  [1m[35m (0.0ms)[0m  [1m[35mDROP TABLE IF EXISTS "roles" CASCADE[0m
  [1m[35m (84.3ms)[0m  [1m[35mCREATE TABLE "roles" ("id" bigserial primary key, "descripcion" character varying(20), "created_at" timestamp NOT NULL, "updated_at" timestamp NOT NULL)[0m
  [1m[35m (8.0ms)[0m  [1m[35mDROP TABLE IF EXISTS "tarifas" CASCADE[0m
  [1m[35m (105.9ms)[0m  [1m[35mCREATE TABLE "tarifas" ("id" bigserial primary key, "parqueadero_id" bigint, "tipos_de_cupo_id" bigint, "valor_minuto" integer NOT NULL, "descripcion" character varying(200), "created_at" timestamp NOT NULL, "updated_at" timestamp NOT NULL)[0m
  [1m[35m (100.0ms)[0m  [1m[35mCREATE  INDEX  "index_tarifas_on_parqueadero_id" ON "tarifas"  ("parqueadero_id")[0m
  [1m[35m (62.5ms)[0m  [1m[35mCREATE  INDEX  "index_tarifas_on_tipos_de_cupo_id" ON "tarifas"  ("tipos_de_cupo_id")[0m
  [1m[35m (15.7ms)[0m  [1m[35mDROP TABLE IF EXISTS "tipo_de_plans" CASCADE[0m
  [1m[35m (78.2ms)[0m  [1m[35mCREATE TABLE "tipo_de_plans" ("id" bigserial primary key, "tipo_de_plan" character varying(50) NOT NULL, "created_at" timestamp NOT NULL, "updated_at" timestamp NOT NULL)[0m
  [1m[35m (8.2ms)[0m  [1m[35mDROP TABLE IF EXISTS "tipos_de_cupos" CASCADE[0m
  [1m[35m (67.0ms)[0m  [1m[35mCREATE TABLE "tipos_de_cupos" ("id" bigserial primary key, "tipo_de_cupo" character varying(50) NOT NULL, "created_at" timestamp NOT NULL, "updated_at" timestamp NOT NULL)[0m
  [1m[35m (12.0ms)[0m  [1m[35mDROP TABLE IF EXISTS "usuarios" CASCADE[0m
  [1m[35m (132.3ms)[0m  [1m[35mCREATE TABLE "usuarios" ("id" bigserial primary key, "calificacion" decimal NOT NULL, "nombres" character varying(50) NOT NULL, "apellidos" character varying(50) NOT NULL, "email" character varying(50) NOT NULL, "telefono" character varying(20) NOT NULL, "password_digest" character varying NOT NULL, "role_id" bigint, "created_at" timestamp NOT NULL, "updated_at" timestamp NOT NULL)[0m
  [1m[35m (71.6ms)[0m  [1m[35mCREATE  INDEX  "index_usuarios_on_role_id" ON "usuarios"  ("role_id")[0m
  [1m[35m (8.0ms)[0m  [1m[35mDROP TABLE IF EXISTS "usuarioxparqueaderos" CASCADE[0m
  [1m[35m (105.6ms)[0m  [1m[35mCREATE TABLE "usuarioxparqueaderos" ("id" bigserial primary key, "usuario_id" bigint, "parqueadero_id" bigint, "created_at" timestamp NOT NULL, "updated_at" timestamp NOT NULL)[0m
  [1m[35m (121.9ms)[0m  [1m[35mCREATE  INDEX  "index_usuarioxparqueaderos_on_parqueadero_id" ON "usuarioxparqueaderos"  ("parqueadero_id")[0m
  [1m[35m (106.1ms)[0m  [1m[35mCREATE  INDEX  "index_usuarioxparqueaderos_on_usuario_id" ON "usuarioxparqueaderos"  ("usuario_id")[0m
  [1m[35m (17.3ms)[0m  [1m[35mALTER TABLE "cupos" ADD CONSTRAINT "fk_rails_e56f1317d5"
FOREIGN KEY ("parqueadero_id")
  REFERENCES "parqueaderos" ("id")
[0m
  [1m[35m (4.0ms)[0m  [1m[35mALTER TABLE "cupos" ADD CONSTRAINT "fk_rails_92beb53534"
FOREIGN KEY ("tipos_de_cupo_id")
  REFERENCES "tipos_de_cupos" ("id")
[0m
  [1m[35m (4.0ms)[0m  [1m[35mALTER TABLE "horarios" ADD CONSTRAINT "fk_rails_02e19981e5"
FOREIGN KEY ("parqueadero_id")
  REFERENCES "parqueaderos" ("id")
[0m
  [1m[35m (4.0ms)[0m  [1m[35mALTER TABLE "images" ADD CONSTRAINT "fk_rails_2e991a680e"
FOREIGN KEY ("parqueadero_id")
  REFERENCES "parqueaderos" ("id")
[0m
  [1m[35m (8.0ms)[0m  [1m[35mALTER TABLE "plans" ADD CONSTRAINT "fk_rails_413ff36937"
FOREIGN KEY ("parqueadero_id")
  REFERENCES "parqueaderos" ("id")
[0m
  [1m[35m (4.0ms)[0m  [1m[35mALTER TABLE "plans" ADD CONSTRAINT "fk_rails_a8b0c42135"
FOREIGN KEY ("tipo_de_plan_id")
  REFERENCES "tipo_de_plans" ("id")
[0m
  [1m[35m (4.0ms)[0m  [1m[35mALTER TABLE "plans" ADD CONSTRAINT "fk_rails_dd0553c397"
FOREIGN KEY ("tipos_de_cupo_id")
  REFERENCES "tipos_de_cupos" ("id")
[0m
  [1m[35m (4.0ms)[0m  [1m[35mALTER TABLE "tarifas" ADD CONSTRAINT "fk_rails_f236120256"
FOREIGN KEY ("parqueadero_id")
  REFERENCES "parqueaderos" ("id")
[0m
  [1m[35m (8.0ms)[0m  [1m[35mALTER TABLE "tarifas" ADD CONSTRAINT "fk_rails_82178cf60e"
FOREIGN KEY ("tipos_de_cupo_id")
  REFERENCES "tipos_de_cupos" ("id")
[0m
  [1m[35m (4.0ms)[0m  [1m[35mALTER TABLE "usuarios" ADD CONSTRAINT "fk_rails_9bc66bae40"
FOREIGN KEY ("role_id")
  REFERENCES "roles" ("id")
[0m
  [1m[35m (8.0ms)[0m  [1m[35mALTER TABLE "usuarioxparqueaderos" ADD CONSTRAINT "fk_rails_0ab5a206b8"
FOREIGN KEY ("parqueadero_id")
  REFERENCES "parqueaderos" ("id")
[0m
  [1m[35m (4.0ms)[0m  [1m[35mALTER TABLE "usuarioxparqueaderos" ADD CONSTRAINT "fk_rails_f9ff5c6405"
FOREIGN KEY ("usuario_id")
  REFERENCES "usuarios" ("id")
[0m
  [1m[35m (4.0ms)[0m  [1m[34mSELECT "schema_migrations"."version" FROM "schema_migrations" ORDER BY "schema_migrations"."version" ASC[0m
  [1m[36mActiveRecord::InternalMetadata Load (4.0ms)[0m  [1m[34mSELECT  "ar_internal_metadata".* FROM "ar_internal_metadata" WHERE "ar_internal_metadata"."key" = $1 LIMIT $2[0m  [["key", "environment"], ["LIMIT", 1]]
  [1m[35m (0.0ms)[0m  [1m[35mBEGIN[0m
  [1m[35m (0.0ms)[0m  [1m[35mCOMMIT[0m
  [1m[36mActiveRecord::InternalMetadata Load (0.0ms)[0m  [1m[34mSELECT  "ar_internal_metadata".* FROM "ar_internal_metadata" WHERE "ar_internal_metadata"."key" = $1 LIMIT $2[0m  [["key", "environment"], ["LIMIT", 1]]
  [1m[35m (0.0ms)[0m  [1m[35mBEGIN[0m
  [1m[35mSQL (4.0ms)[0m  [1m[33mUPDATE "ar_internal_metadata" SET "value" = $1, "updated_at" = $2 WHERE "ar_internal_metadata"."key" = $3[0m  [["value", "test"], ["updated_at", "2018-10-20 16:56:33.087526"], ["key", "environment"]]
  [1m[35m (0.0ms)[0m  [1m[35mCOMMIT[0m
  [1m[35m (0.0ms)[0m  [1m[34mSELECT "schema_migrations"."version" FROM "schema_migrations" ORDER BY "schema_migrations"."version" ASC[0m
  [1m[35m (0.0ms)[0m  [1m[35mBEGIN[0m
  [1m[35mSQL (0.0ms)[0m  [1m[32mINSERT INTO "tipos_de_cupos" ("tipo_de_cupo", "created_at", "updated_at") VALUES ($1, $2, $3) RETURNING "id"[0m  [["tipo_de_cupo", "Motos"], ["created_at", "2018-10-20 16:56:33.254007"], ["updated_at", "2018-10-20 16:56:33.254007"]]
  [1m[35m (0.0ms)[0m  [1m[35mCOMMIT[0m
  [1m[35m (0.0ms)[0m  [1m[35mBEGIN[0m
  [1m[35mSQL (0.0ms)[0m  [1m[32mINSERT INTO "tipos_de_cupos" ("tipo_de_cupo", "created_at", "updated_at") VALUES ($1, $2, $3) RETURNING "id"[0m  [["tipo_de_cupo", "Bicicleta"], ["created_at", "2018-10-20 16:56:33.254007"], ["updated_at", "2018-10-20 16:56:33.254007"]]
  [1m[35m (0.0ms)[0m  [1m[35mCOMMIT[0m
  [1m[35m (0.0ms)[0m  [1m[35mBEGIN[0m
  [1m[35mSQL (0.0ms)[0m  [1m[32mINSERT INTO "tipos_de_cupos" ("tipo_de_cupo", "created_at", "updated_at") VALUES ($1, $2, $3) RETURNING "id"[0m  [["tipo_de_cupo", "Carros"], ["created_at", "2018-10-20 16:56:33.254007"], ["updated_at", "2018-10-20 16:56:33.254007"]]
  [1m[35m (0.0ms)[0m  [1m[35mCOMMIT[0m
  [1m[35m (0.0ms)[0m  [1m[35mBEGIN[0m
  [1m[35mSQL (0.0ms)[0m  [1m[32mINSERT INTO "roles" ("descripcion", "created_at", "updated_at") VALUES ($1, $2, $3) RETURNING "id"[0m  [["descripcion", "Administrador"], ["created_at", "2018-10-20 16:56:33.269617"], ["updated_at", "2018-10-20 16:56:33.269617"]]
  [1m[35m (15.6ms)[0m  [1m[35mCOMMIT[0m
  [1m[35m (0.0ms)[0m  [1m[35mBEGIN[0m
  [1m[35mSQL (0.0ms)[0m  [1m[32mINSERT INTO "roles" ("descripcion", "created_at", "updated_at") VALUES ($1, $2, $3) RETURNING "id"[0m  [["descripcion", "Usuario"], ["created_at", "2018-10-20 16:56:33.285255"], ["updated_at", "2018-10-20 16:56:33.285255"]]
  [1m[35m (0.0ms)[0m  [1m[35mCOMMIT[0m
  [1m[35m (0.0ms)[0m  [1m[35mBEGIN[0m
  [1m[35mSQL (0.0ms)[0m  [1m[32mINSERT INTO "roles" ("descripcion", "created_at", "updated_at") VALUES ($1, $2, $3) RETURNING "id"[0m  [["descripcion", "Mixto"], ["created_at", "2018-10-20 16:56:33.285255"], ["updated_at", "2018-10-20 16:56:33.285255"]]
  [1m[35m (0.0ms)[0m  [1m[35mCOMMIT[0m
  [1m[35m (0.0ms)[0m  [1m[35mBEGIN[0m
  [1m[36mRole Load (0.0ms)[0m  [1m[34mSELECT  "roles".* FROM "roles" WHERE "roles"."id" = $1 LIMIT $2[0m  [["id", 2], ["LIMIT", 1]]
  [1m[35mSQL (0.0ms)[0m  [1m[32mINSERT INTO "usuarios" ("calificacion", "nombres", "apellidos", "email", "telefono", "password_digest", "role_id", "created_at", "updated_at") VALUES ($1, $2, $3, $4, $5, $6, $7, $8, $9) RETURNING "id"[0m  [["calificacion", "5.0"], ["nombres", "Julian"], ["apellidos", "Munar"], ["email", "juliancmunar@gmail.com"], ["telefono", "1234"], ["password_digest", "$2a$10$baZvrMTXelnUtEWg9Bmd4.xeG3x/ok3TU2zb3JpXZ3.03gGjESpEC"], ["role_id", 2], ["created_at", "2018-10-20 16:56:42.260876"], ["updated_at", "2018-10-20 16:56:42.260876"]]
  [1m[35m (0.0ms)[0m  [1m[35mCOMMIT[0m
  [1m[35m (0.0ms)[0m  [1m[34mSELECT pg_try_advisory_lock(2888858392421585745)[0m
  [1m[35m (0.0ms)[0m  [1m[34mSELECT "schema_migrations"."version" FROM "schema_migrations" ORDER BY "schema_migrations"."version" ASC[0m
  [1m[36mActiveRecord::InternalMetadata Load (15.6ms)[0m  [1m[34mSELECT  "ar_internal_metadata".* FROM "ar_internal_metadata" WHERE "ar_internal_metadata"."key" = $1 LIMIT $2[0m  [["key", "environment"], ["LIMIT", 1]]
  [1m[35m (0.0ms)[0m  [1m[35mBEGIN[0m
  [1m[35mSQL (0.0ms)[0m  [1m[33mUPDATE "ar_internal_metadata" SET "value" = $1, "updated_at" = $2 WHERE "ar_internal_metadata"."key" = $3[0m  [["value", "development"], ["updated_at", "2018-10-20 16:57:04.120955"], ["key", "environment"]]
  [1m[35m (0.0ms)[0m  [1m[35mCOMMIT[0m
  [1m[35m (0.0ms)[0m  [1m[34mSELECT pg_advisory_unlock(2888858392421585745)[0m
  [1m[35m (0.0ms)[0m  [1m[34mSELECT "schema_migrations"."version" FROM "schema_migrations" ORDER BY "schema_migrations"."version" ASC[0m
